<?xml version="1.0" encoding="UTF-8"?>
<!-- Generated by org.testng.reporters.JUnitReportReporter -->
<testsuite hostname="LAPTOP-DIAE0H3D" failures="0" tests="2" name="pranam.Annotations1" time="0.013" errors="0" timestamp="2022-11-03T12:49:17 IST" skipped="1">
  <testcase classname="pranam.Annotations1" name="Composemile" time="0.013"/>
  <system-out/>
  <testcase classname="pranam.Annotations1" name="Drafts">
    <skipped/>
  </testcase> <!-- Drafts -->
  <system-out/>
</testsuite> <!-- pranam.Annotations1 -->
