<?xml version="1.0" encoding="UTF-8"?>
<!-- Generated by org.testng.reporters.JUnitReportReporter -->
<testsuite hostname="LAPTOP-DIAE0H3D" failures="0" tests="1" name="pranam.FacebookApplication" time="8.701" errors="0" timestamp="2022-11-02T14:35:51 IST" skipped="0">
  <testcase classname="pranam.FacebookApplication" name="handingcookies" time="8.701"/>
  <system-out/>
</testsuite> <!-- pranam.FacebookApplication -->
