<?xml version="1.0" encoding="UTF-8"?>
<!-- Generated by org.testng.reporters.JUnitReportReporter -->
<testsuite hostname="LAPTOP-DIAE0H3D" failures="0" tests="1" name="pranam.TimeandDate_FirstRowofFirstCellData" time="7.812" errors="0" timestamp="2022-10-30T11:08:31 IST" skipped="0">
  <testcase classname="pranam.TimeandDate_FirstRowofFirstCellData" name="CapturingFirstRowofFirstCellData" time="7.812"/>
  <system-out/>
</testsuite> <!-- pranam.TimeandDate_FirstRowofFirstCellData -->
