<?xml version="1.0" encoding="UTF-8"?>
<!-- Generated by org.testng.reporters.JUnitReportReporter -->
<testsuite hostname="LAPTOP-DIAE0H3D" failures="0" tests="1" name="pranam.CapturingFirstRowofFirstCellData" time="1.565" errors="0" timestamp="2022-11-03T12:53:11 IST" skipped="0">
  <testcase classname="pranam.CapturingFirstRowofFirstCellData" name="CapturingFirstRowofFirstCellData" time="1.565"/>
  <system-out/>
</testsuite> <!-- pranam.CapturingFirstRowofFirstCellData -->
